DiagnosticsPluginLauncher.exe Information: 0 : [2/23/2017 6:11:31 AM] Emulator config file set to C:\Users\lucav_000\Documents\Visual Studio 2015\Projects\AzureCloudService3\AzureCloudService3\csx\Debug\roles\WorkerRole1\approot\diagnostics.wadcfgx
DiagnosticsPluginLauncher.exe Information: 0 : [2/23/2017 6:11:31 AM] DiagnosticsStoreRootPath set to: C:\Users\lucav_000\AppData\Local\dftmp\Resources\5a77ead6-a137-406b-943c-aea45ca027bb
DiagnosticsPluginLauncher.exe Information: 0 : [2/23/2017 6:11:31 AM] Loading config file: C:\Users\lucav_000\Documents\Visual Studio 2015\Projects\AzureCloudService3\AzureCloudService3\csx\Debug\roles\WorkerRole1\approot\diagnostics.wadcfgx
DiagnosticsPluginLauncher.exe Information: 0 : [2/23/2017 6:11:31 AM] Config file to read: C:\Users\lucav_000\Documents\Visual Studio 2015\Projects\AzureCloudService3\AzureCloudService3\csx\Debug\roles\WorkerRole1\approot\diagnostics.wadcfgx
DiagnosticsPluginLauncher.exe Information: 0 : [2/23/2017 6:11:31 AM] Checking VM Type
DiagnosticsPluginLauncher.exe Information: 0 : [2/23/2017 6:11:31 AM] Emulator config file set to C:\Users\lucav_000\Documents\Visual Studio 2015\Projects\AzureCloudService3\AzureCloudService3\csx\Debug\roles\WorkerRole1\approot\diagnostics.wadcfgx
DiagnosticsPluginLauncher.exe Information: 0 : [2/23/2017 6:11:31 AM] Extension set to Emulator Mode
DiagnosticsPluginLauncher.exe Information: 0 : [2/23/2017 6:11:31 AM] Reading XML configuration file
DiagnosticsPluginLauncher.exe Information: 0 : [2/23/2017 6:11:31 AM] Bypassing private config decryption
DiagnosticsPluginLauncher.exe Information: 0 : [2/23/2017 6:11:31 AM] Stopping the running plugin, if any
DiagnosticsPluginLauncher.exe Information: 0 : [2/23/2017 6:11:31 AM] Found a MonAgentHost.exe. WadArguments: "C:\Users\lucav_000\Documents\Visual Studio 2015\Projects\AzureCloudService3\AzureCloudService3\csx\Debug\roles\WebRole1\plugins\Diagnostics\Monitor\x64\MonAgentHost.exe" -LocalPath "C:\Users\lucav_000\AppData\Local\dftmp\Resources\9ed82365-0d97-468e-987e-f65a023c55e4\WAD0105"  -ConfigFile "C:\Users\lucav_000\AppData\Local\dftmp\Resources\9ed82365-0d97-468e-987e-f65a023c55e4\WAD0105\Configuration\MaConfig.xml" -ShutDownEvent WADDM-ShutDown-6264bcb0b85b48fdb9e50623d2deb5e2  -TotalShutDownEvent WADDM-TotalShutDown-6264bcb0b85b48fdb9e50623d2deb5e2 -InitializedEvent WADM-StartUp-6264bcb0b85b48fdb9e50623d2deb5e2 -parent 11084 -events -wadVer1v5 -UseProxyServer -XStoreAccounts WadAccount#true#devstoreaccount1#Eby8vdM02xNOcqFlqUwJPLlmEtlCDXJ1OUzFT50uSRZ6IFsuFq2UVErCz4I6tq/K1SZFPTOtr/KBHBeksoGMGw==#http://127.0.0.1:10002#http://127.0.0.1:10001#http://127.0.0.1:10000.
DiagnosticsPluginLauncher.exe Information: 0 : [2/23/2017 6:11:31 AM] Found a DiagnosticsPlugin.exe. WadArguments: "C:\Users\lucav_000\Documents\Visual Studio 2015\Projects\AzureCloudService3\AzureCloudService3\csx\Debug\roles\WebRole1\plugins\Diagnostics\DiagnosticsPlugin.exe" DiagnosticPlugin-ShutdownEvent DiagnosticPlugin-TotalShutdownEvent -wadVer1v5.
DiagnosticsPluginLauncher.exe Information: 0 : [2/23/2017 6:11:31 AM] Loading config file: C:\Users\lucav_000\Documents\Visual Studio 2015\Projects\AzureCloudService3\AzureCloudService3\csx\Debug\roles\WorkerRole1\approot\diagnostics.wadcfgx
DiagnosticsPluginLauncher.exe Information: 0 : [2/23/2017 6:11:31 AM] Config file to read: C:\Users\lucav_000\Documents\Visual Studio 2015\Projects\AzureCloudService3\AzureCloudService3\csx\Debug\roles\WorkerRole1\approot\diagnostics.wadcfgx
DiagnosticsPluginLauncher.exe Information: 0 : [2/23/2017 6:11:31 AM] Reading XML configuration file
DiagnosticsPluginLauncher.exe Information: 0 : [2/23/2017 6:11:31 AM] Bypassing private config decryption
DiagnosticsPluginLauncher.exe Information: 0 : [2/23/2017 6:11:49 AM] Found a running wad2 MA not sharing the same local directory
DiagnosticsPluginLauncher.exe Information: 0 : [2/23/2017 6:11:49 AM] Killing any DiagnosticsPlugin that might remain.
DiagnosticsPluginLauncher.exe Information: 0 : [2/23/2017 6:11:49 AM] Killing any MonAgentHost that might remain.
DiagnosticsPluginLauncher.exe Information: 0 : [2/23/2017 6:11:50 AM] Diagnostics plugin stopped successfully
DiagnosticsPluginLauncher.exe Information: 0 : [2/23/2017 6:11:50 AM] Resetting DiagnosticPlugin
